<?xml version="1.0" encoding="UTF-8"?>
<coverage generated="1658317083168" clover="3.2.0">
  <project timestamp="1658317083168" name="All files">
    <metrics statements="17" coveredstatements="17" conditionals="4" coveredconditionals="3" methods="7" coveredmethods="7" elements="28" coveredelements="27" complexity="0" loc="17" ncloc="17" packages="1" files="4" classes="4"/>
    <file name="Calculator.js" path="E:\Dev\Microverse\testing practice\testing-practice\Calculator.js">
      <metrics statements="9" coveredstatements="9" conditionals="0" coveredconditionals="0" methods="4" coveredmethods="4"/>
      <line num="3" count="1" type="stmt"/>
      <line num="4" count="3" type="stmt"/>
      <line num="7" count="1" type="stmt"/>
      <line num="8" count="3" type="stmt"/>
      <line num="11" count="1" type="stmt"/>
      <line num="12" count="3" type="stmt"/>
      <line num="15" count="1" type="stmt"/>
      <line num="16" count="3" type="stmt"/>
      <line num="20" count="1" type="stmt"/>
    </file>
    <file name="capitalize.js" path="E:\Dev\Microverse\testing practice\testing-practice\capitalize.js">
      <metrics statements="3" coveredstatements="3" conditionals="0" coveredconditionals="0" methods="1" coveredmethods="1"/>
      <line num="3" count="3" type="stmt"/>
      <line num="4" count="3" type="stmt"/>
      <line num="11" count="1" type="stmt"/>
    </file>
    <file name="reverseString.js" path="E:\Dev\Microverse\testing practice\testing-practice\reverseString.js">
      <metrics statements="2" coveredstatements="2" conditionals="0" coveredconditionals="0" methods="1" coveredmethods="1"/>
      <line num="2" count="2" type="stmt"/>
      <line num="5" count="1" type="stmt"/>
    </file>
    <file name="stringLength.js" path="E:\Dev\Microverse\testing practice\testing-practice\stringLength.js">
      <metrics statements="3" coveredstatements="3" conditionals="4" coveredconditionals="3" methods="1" coveredmethods="1"/>
      <line num="2" count="2" type="cond" truecount="3" falsecount="1"/>
      <line num="3" count="2" type="stmt"/>
      <line num="8" count="1" type="stmt"/>
    </file>
  </project>
</coverage>
