{"E:\\Dev\\Microverse\\testing practice\\testing-practice\\Calculator.js": {"path":"E:\\Dev\\Microverse\\testing practice\\testing-practice\\Calculator.js","statementMap":{"0":{"start":{"line":3,"column":15},"end":{"line":5,"column":3}},"1":{"start":{"line":4,"column":4},"end":{"line":4,"column":17}},"2":{"start":{"line":7,"column":20},"end":{"line":9,"column":3}},"3":{"start":{"line":8,"column":4},"end":{"line":8,"column":17}},"4":{"start":{"line":11,"column":18},"end":{"line":13,"column":3}},"5":{"start":{"line":12,"column":4},"end":{"line":12,"column":17}},"6":{"start":{"line":15,"column":20},"end":{"line":17,"column":3}},"7":{"start":{"line":16,"column":4},"end":{"line":16,"column":17}},"8":{"start":{"line":20,"column":0},"end":{"line":20,"column":27}}},"fnMap":{"0":{"name":"(anonymous_0)","decl":{"start":{"line":3,"column":15},"end":{"line":3,"column":16}},"loc":{"start":{"line":3,"column":25},"end":{"line":5,"column":3}},"line":3},"1":{"name":"(anonymous_1)","decl":{"start":{"line":7,"column":20},"end":{"line":7,"column":21}},"loc":{"start":{"line":7,"column":30},"end":{"line":9,"column":3}},"line":7},"2":{"name":"(anonymous_2)","decl":{"start":{"line":11,"column":18},"end":{"line":11,"column":19}},"loc":{"start":{"line":11,"column":28},"end":{"line":13,"column":3}},"line":11},"3":{"name":"(anonymous_3)","decl":{"start":{"line":15,"column":20},"end":{"line":15,"column":21}},"loc":{"start":{"line":15,"column":30},"end":{"line":17,"column":3}},"line":15}},"branchMap":{},"s":{"0":1,"1":3,"2":1,"3":3,"4":1,"5":3,"6":1,"7":3,"8":1},"f":{"0":3,"1":3,"2":3,"3":3},"b":{},"_coverageSchema":"1a1c01bbd47fc00a2c39e90264f33305004495a9","hash":"403c44aaaf071e35b2f4e1abe4e432130410f3e9"}
,"E:\\Dev\\Microverse\\testing practice\\testing-practice\\capitalize.js": {"path":"E:\\Dev\\Microverse\\testing practice\\testing-practice\\capitalize.js","statementMap":{"0":{"start":{"line":3,"column":33},"end":{"line":3,"column":83}},"1":{"start":{"line":4,"column":2},"end":{"line":4,"column":32}},"2":{"start":{"line":11,"column":0},"end":{"line":11,"column":28}}},"fnMap":{"0":{"name":"capitalize","decl":{"start":{"line":1,"column":9},"end":{"line":1,"column":19}},"loc":{"start":{"line":1,"column":29},"end":{"line":6,"column":1}},"line":1}},"branchMap":{},"s":{"0":3,"1":3,"2":1},"f":{"0":3},"b":{},"_coverageSchema":"1a1c01bbd47fc00a2c39e90264f33305004495a9","hash":"ed1acd35dabc5c67800d0b0e283af1b96501fe28"}
,"E:\\Dev\\Microverse\\testing practice\\testing-practice\\reverseString.js": {"path":"E:\\Dev\\Microverse\\testing practice\\testing-practice\\reverseString.js","statementMap":{"0":{"start":{"line":2,"column":2},"end":{"line":2,"column":47}},"1":{"start":{"line":5,"column":0},"end":{"line":5,"column":30}}},"fnMap":{"0":{"name":"reverseString","decl":{"start":{"line":1,"column":9},"end":{"line":1,"column":22}},"loc":{"start":{"line":1,"column":33},"end":{"line":3,"column":1}},"line":1}},"branchMap":{},"s":{"0":2,"1":1},"f":{"0":2},"b":{},"_coverageSchema":"1a1c01bbd47fc00a2c39e90264f33305004495a9","hash":"e1f73e2b2487a3c71ab388d699d66e75560561ef"}
,"E:\\Dev\\Microverse\\testing practice\\testing-practice\\stringLength.js": {"path":"E:\\Dev\\Microverse\\testing practice\\testing-practice\\stringLength.js","statementMap":{"0":{"start":{"line":2,"column":2},"end":{"line":4,"column":3}},"1":{"start":{"line":3,"column":4},"end":{"line":3,"column":25}},"2":{"start":{"line":8,"column":0},"end":{"line":8,"column":29}}},"fnMap":{"0":{"name":"stringLength","decl":{"start":{"line":1,"column":9},"end":{"line":1,"column":21}},"loc":{"start":{"line":1,"column":31},"end":{"line":6,"column":1}},"line":1}},"branchMap":{"0":{"loc":{"start":{"line":2,"column":2},"end":{"line":4,"column":3}},"type":"if","locations":[{"start":{"line":2,"column":2},"end":{"line":4,"column":3}},{"start":{},"end":{}}],"line":2},"1":{"loc":{"start":{"line":2,"column":6},"end":{"line":2,"column":47}},"type":"binary-expr","locations":[{"start":{"line":2,"column":6},"end":{"line":2,"column":24}},{"start":{"line":2,"column":28},"end":{"line":2,"column":47}}],"line":2}},"s":{"0":2,"1":2,"2":1},"f":{"0":2},"b":{"0":[2,0],"1":[2,2]},"_coverageSchema":"1a1c01bbd47fc00a2c39e90264f33305004495a9","hash":"e524ff891835d81c1ab5ed1a8fe26105c7011f1e"}
}
