TN:
SF:Calculator.js
FN:3,(anonymous_0)
FN:7,(anonymous_1)
FN:11,(anonymous_2)
FN:15,(anonymous_3)
FNF:4
FNH:4
FNDA:3,(anonymous_0)
FNDA:3,(anonymous_1)
FNDA:3,(anonymous_2)
FNDA:3,(anonymous_3)
DA:3,1
DA:4,3
DA:7,1
DA:8,3
DA:11,1
DA:12,3
DA:15,1
DA:16,3
DA:20,1
LF:9
LH:9
BRF:0
BRH:0
end_of_record
TN:
SF:capitalize.js
FN:1,capitalize
FNF:1
FNH:1
FNDA:3,capitalize
DA:3,3
DA:4,3
DA:11,1
LF:3
LH:3
BRF:0
BRH:0
end_of_record
TN:
SF:reverseString.js
FN:1,reverseString
FNF:1
FNH:1
FNDA:2,reverseString
DA:2,2
DA:5,1
LF:2
LH:2
BRF:0
BRH:0
end_of_record
TN:
SF:stringLength.js
FN:1,stringLength
FNF:1
FNH:1
FNDA:2,stringLength
DA:2,2
DA:3,2
DA:8,1
LF:3
LH:3
BRDA:2,0,0,2
BRDA:2,0,1,0
BRDA:2,1,0,2
BRDA:2,1,1,2
BRF:4
BRH:3
end_of_record
